La génération a démarré 19-05-15 02:43:07.
     1>Projet "C:\Users\Adrien\Documents\Visual Studio 2013\Projects\DossierC\DossierC\DossierC.vcxproj" sur le nœud 2 (Build cible(s)).
     1>ClCompile:
         C:\Program Files (x86)\Microsoft Visual Studio 12.0\VC\bin\CL.exe /c /ZI /nologo /W3 /WX- /sdl /Od /Oy- /D WIN32 /D _DEBUG /D _CONSOLE /D _LIB /D _UNICODE /D UNICODE /Gm /EHsc /RTC1 /MDd /GS /fp:precise /Zc:wchar_t /Zc:forScope /Fo"Debug\\" /Fd"Debug\vc120.pdb" /Gd /TC /analyze- /errorReport:prompt gestion.c inscriptions.c interface.c lexique.c membres.c principal.c shifts.c testsunitaires.c
         testsunitaires.c
         shifts.c
         principal.c
         membres.c
         lexique.c
         interface.c
         inscriptions.c
         gestion.c
         Génération de code en cours...
       Link:
         C:\Program Files (x86)\Microsoft Visual Studio 12.0\VC\bin\link.exe /ERRORREPORT:PROMPT /OUT:"C:\Users\Adrien\Documents\Visual Studio 2013\Projects\DossierC\Debug\DossierC.exe" /INCREMENTAL /NOLOGO kernel32.lib user32.lib gdi32.lib winspool.lib comdlg32.lib advapi32.lib shell32.lib ole32.lib oleaut32.lib uuid.lib odbc32.lib odbccp32.lib /MANIFEST /MANIFESTUAC:"level='asInvoker' uiAccess='false'" /manifest:embed /DEBUG /PDB:"C:\Users\Adrien\Documents\Visual Studio 2013\Projects\DossierC\Debug\DossierC.pdb" /SUBSYSTEM:CONSOLE /TLBID:1 /DYNAMICBASE /NXCOMPAT /IMPLIB:"C:\Users\Adrien\Documents\Visual Studio 2013\Projects\DossierC\Debug\DossierC.lib" /MACHINE:X86 Debug\gestion.obj
         Debug\inscriptions.obj
         Debug\interface.obj
         Debug\lexique.obj
         Debug\membres.obj
         Debug\principal.obj
         Debug\shifts.obj
         Debug\testsunitaires.obj
         DossierC.vcxproj -> C:\Users\Adrien\Documents\Visual Studio 2013\Projects\DossierC\Debug\DossierC.exe
     1>Génération du projet "C:\Users\Adrien\Documents\Visual Studio 2013\Projects\DossierC\DossierC\DossierC.vcxproj" terminée (Build cible(s)).

La génération a réussi.

Temps écoulé 00:00:00.61
